c:\users\雄作\documents\仕事\workspace\msg_debug\msg_debug\debug\vc140.pdb
c:\users\雄作\documents\仕事\workspace\msg_debug\msg_debug\debug\vc140.idb
c:\users\雄作\documents\仕事\workspace\msg_debug\msg_debug\debug\msg_com.obj
c:\users\雄作\documents\仕事\workspace\msg_debug\msg_debug\debug\task_exm.obj
c:\users\雄作\documents\仕事\workspace\msg_debug\msg_debug\debug\task_exm_recv.obj
c:\users\雄作\documents\仕事\workspace\msg_debug\msg_debug\debug\task_exm_send.obj
c:\users\雄作\documents\仕事\workspace\msg_debug\msg_debug\debug\task_main.obj
c:\users\雄作\documents\仕事\workspace\msg_debug\msg_debug\debug\task_mnt.obj
c:\users\雄作\documents\仕事\workspace\msg_debug\msg_debug\debug\task_mnt_recv.obj
c:\users\雄作\documents\仕事\workspace\msg_debug\msg_debug\debug\task_mnt_send.obj
c:\users\雄作\documents\仕事\workspace\msg_debug\msg_debug\debug\task_nm_recv.obj
c:\users\雄作\documents\仕事\workspace\msg_debug\msg_debug\debug\task_nm_send.obj
c:\users\雄作\documents\仕事\workspace\msg_debug\msg_debug\debug\task_nm.obj
c:\users\雄作\documents\仕事\workspace\msg_debug\msg_debug\debug\task_n.obj
c:\users\雄作\documents\仕事\workspace\msg_debug\msg_debug\debug\task_n_recv.obj
c:\users\雄作\documents\仕事\workspace\msg_debug\msg_debug\debug\task_n_send.obj
c:\users\雄作\documents\仕事\workspace\msg_debug\msg_debug\debug\main.obj
c:\users\雄作\documents\仕事\workspace\msg_debug\msg_debug\debug\task_main_recv.obj
c:\users\雄作\documents\仕事\workspace\msg_debug\msg_debug\debug\task_main_send.obj
c:\users\雄作\documents\仕事\workspace\msg_debug\msg_debug\debug\task_ui.obj
c:\users\雄作\documents\仕事\workspace\msg_debug\debug\msg_debug.ilk
c:\users\雄作\documents\仕事\workspace\msg_debug\debug\msg_debug.exe
c:\users\雄作\documents\仕事\workspace\msg_debug\debug\msg_debug.pdb
c:\users\雄作\documents\仕事\workspace\msg_debug\msg_debug\debug\msg_debug.tlog\cl.command.1.tlog
c:\users\雄作\documents\仕事\workspace\msg_debug\msg_debug\debug\msg_debug.tlog\cl.read.1.tlog
c:\users\雄作\documents\仕事\workspace\msg_debug\msg_debug\debug\msg_debug.tlog\cl.write.1.tlog
c:\users\雄作\documents\仕事\workspace\msg_debug\msg_debug\debug\msg_debug.tlog\link.command.1.tlog
c:\users\雄作\documents\仕事\workspace\msg_debug\msg_debug\debug\msg_debug.tlog\link.read.1.tlog
c:\users\雄作\documents\仕事\workspace\msg_debug\msg_debug\debug\msg_debug.tlog\link.write.1.tlog
